0 info it worked if it ends with ok
1 verbose cli [ 'node', '/usr/local/bin/npm', 'install' ]
2 info using npm@2.5.1
3 info using node@v0.12.1
4 warn package.json colorful@0.0.0 No repository field.
5 warn package.json colorful@0.0.0 No README data
6 verbose install where, deps [ '/Users/ty.husband/wstlcode/app',
6 verbose install   [ 'express', 'firebase', 'socket.io' ] ]
7 verbose install where, peers [ '/Users/ty.husband/wstlcode/app', [] ]
8 info preinstall colorful@0.0.0
9 silly cache add args [ 'socket.io@latest', null ]
10 verbose cache add spec socket.io@latest
11 silly cache add args [ 'express@3.4.8', null ]
12 verbose cache add spec express@3.4.8
13 silly cache add parsed spec { raw: 'express@3.4.8',
13 silly cache add   scope: null,
13 silly cache add   name: 'express',
13 silly cache add   rawSpec: '3.4.8',
13 silly cache add   spec: '3.4.8',
13 silly cache add   type: 'version' }
14 verbose addNamed express@3.4.8
15 silly addNamed semver.valid 3.4.8
16 silly addNamed semver.validRange 3.4.8
17 silly mapToRegistry name express
18 silly mapToRegistry using default registry
19 silly mapToRegistry registry https://registry.npmjs.org/
20 silly mapToRegistry uri https://registry.npmjs.org/express
21 verbose addNameVersion registry:https://registry.npmjs.org/express not in flight; fetching
22 verbose already installed skipping firebase@^1.2.0 /Users/ty.husband/wstlcode/app
23 silly cache add parsed spec { raw: 'socket.io@latest',
23 silly cache add   scope: null,
23 silly cache add   name: 'socket.io',
23 silly cache add   rawSpec: 'latest',
23 silly cache add   spec: 'latest',
23 silly cache add   type: 'tag' }
24 verbose addNamed socket.io@latest
25 silly addNamed semver.valid null
26 silly addNamed semver.validRange null
27 info addNameTag [ 'socket.io', 'latest' ]
28 silly mapToRegistry name socket.io
29 silly mapToRegistry using default registry
30 silly mapToRegistry registry https://registry.npmjs.org/
31 silly mapToRegistry uri https://registry.npmjs.org/socket.io
32 verbose addNameTag registry:https://registry.npmjs.org/socket.io not in flight; fetching
33 verbose request uri https://registry.npmjs.org/express
34 verbose request no auth needed
35 info attempt registry request try #1 at 4:58:54 AM
36 verbose request id 5cb4307b096c4278
37 http request GET https://registry.npmjs.org/express
38 verbose request uri https://registry.npmjs.org/socket.io
39 verbose request no auth needed
40 info attempt registry request try #1 at 4:58:54 AM
41 http request GET https://registry.npmjs.org/socket.io
42 http 200 https://registry.npmjs.org/socket.io
43 silly get cb [ 200,
43 silly get   { date: 'Wed, 08 Apr 2015 11:55:21 GMT',
43 silly get     server: 'CouchDB/1.5.0 (Erlang OTP/R16B03)',
43 silly get     etag: '"2DXCIXNLVU70Z8PJHO5V9XB6E"',
43 silly get     'content-type': 'application/json',
43 silly get     'cache-control': 'max-age=60',
43 silly get     'content-length': '111044',
43 silly get     'accept-ranges': 'bytes',
43 silly get     via: '1.1 varnish',
43 silly get     age: '60',
43 silly get     'x-served-by': 'cache-lax1422-LAX',
43 silly get     'x-cache': 'HIT',
43 silly get     'x-cache-hits': '1',
43 silly get     'x-timer': 'S1428494121.322662,VS0,VE1',
43 silly get     vary: 'Accept',
43 silly get     'keep-alive': 'timeout=10, max=50',
43 silly get     connection: 'Keep-Alive' } ]
44 verbose get saving socket.io to /Users/ty.husband/.npm/registry.npmjs.org/socket.io/.cache.json
45 silly addNameTag next cb for socket.io with tag latest
46 verbose addNamed socket.io@1.3.5
47 silly addNamed semver.valid 1.3.5
48 silly addNamed semver.validRange 1.3.5
49 silly mapToRegistry name socket.io
50 silly mapToRegistry using default registry
51 silly mapToRegistry registry https://registry.npmjs.org/
52 silly mapToRegistry uri https://registry.npmjs.org/socket.io
53 verbose addRemoteTarball https://registry.npmjs.org/socket.io/-/socket.io-1.3.5.tgz not in flight; adding
54 verbose addRemoteTarball [ 'https://registry.npmjs.org/socket.io/-/socket.io-1.3.5.tgz',
54 verbose addRemoteTarball   'bfd609f37626889e94df9d3526db79a84255f1d8' ]
55 info retry fetch attempt 1 at 4:58:54 AM
56 info attempt registry request try #1 at 4:58:54 AM
57 http fetch GET https://registry.npmjs.org/socket.io/-/socket.io-1.3.5.tgz
58 http fetch 200 https://registry.npmjs.org/socket.io/-/socket.io-1.3.5.tgz
59 silly fetchAndShaCheck shasum bfd609f37626889e94df9d3526db79a84255f1d8
60 verbose addTmpTarball /var/folders/gl/s9g398ss6qd1b2f8b895_195yg55wd/T/npm-67066-7a026d75/registry.npmjs.org/socket.io/-/socket.io-1.3.5.tgz not in flight; adding
61 verbose addTmpTarball already have metadata; skipping unpack for socket.io@1.3.5
62 silly cache afterAdd socket.io@1.3.5
63 verbose afterAdd /Users/ty.husband/.npm/socket.io/1.3.5/package/package.json not in flight; writing
64 verbose afterAdd /Users/ty.husband/.npm/socket.io/1.3.5/package/package.json written
65 http 200 https://registry.npmjs.org/express
66 silly get cb [ 200,
66 silly get   { date: 'Wed, 08 Apr 2015 11:55:21 GMT',
66 silly get     server: 'CouchDB/1.5.0 (Erlang OTP/R16B03)',
66 silly get     etag: '"17SOJMJBZN6ZDY6VZBV6B39JP"',
66 silly get     'content-type': 'application/json',
66 silly get     'cache-control': 'max-age=60',
66 silly get     'content-length': '492067',
66 silly get     'accept-ranges': 'bytes',
66 silly get     via: '1.1 varnish',
66 silly get     age: '60',
66 silly get     'x-served-by': 'cache-lax1423-LAX',
66 silly get     'x-cache': 'HIT',
66 silly get     'x-cache-hits': '1',
66 silly get     'x-timer': 'S1428494121.322020,VS0,VE2',
66 silly get     vary: 'Accept',
66 silly get     'keep-alive': 'timeout=10, max=50',
66 silly get     connection: 'Keep-Alive' } ]
67 verbose get saving express to /Users/ty.husband/.npm/registry.npmjs.org/express/.cache.json
68 silly mapToRegistry name express
69 silly mapToRegistry using default registry
70 silly mapToRegistry registry https://registry.npmjs.org/
71 silly mapToRegistry uri https://registry.npmjs.org/express
72 verbose addRemoteTarball https://registry.npmjs.org/express/-/express-3.4.8.tgz not in flight; adding
73 verbose addRemoteTarball [ 'https://registry.npmjs.org/express/-/express-3.4.8.tgz',
73 verbose addRemoteTarball   'aa7a8986de07053337f4bc5ed9a6453d9cc8e2e1' ]
74 info retry fetch attempt 1 at 4:58:55 AM
75 info attempt registry request try #1 at 4:58:55 AM
76 http fetch GET https://registry.npmjs.org/express/-/express-3.4.8.tgz
77 http fetch 200 https://registry.npmjs.org/express/-/express-3.4.8.tgz
78 silly fetchAndShaCheck shasum aa7a8986de07053337f4bc5ed9a6453d9cc8e2e1
79 verbose addTmpTarball /var/folders/gl/s9g398ss6qd1b2f8b895_195yg55wd/T/npm-67066-7a026d75/registry.npmjs.org/express/-/express-3.4.8.tgz not in flight; adding
80 verbose addTmpTarball already have metadata; skipping unpack for express@3.4.8
81 silly cache afterAdd express@3.4.8
82 verbose afterAdd /Users/ty.husband/.npm/express/3.4.8/package/package.json not in flight; writing
83 verbose afterAdd /Users/ty.husband/.npm/express/3.4.8/package/package.json written
84 silly install resolved [ { name: 'socket.io',
84 silly install resolved     version: '1.3.5',
84 silly install resolved     description: 'node.js realtime framework server',
84 silly install resolved     keywords:
84 silly install resolved      [ 'realtime',
84 silly install resolved        'framework',
84 silly install resolved        'websocket',
84 silly install resolved        'tcp',
84 silly install resolved        'events',
84 silly install resolved        'socket',
84 silly install resolved        'io' ],
84 silly install resolved     repository: { type: 'git', url: 'git://github.com/Automattic/socket.io' },
84 silly install resolved     scripts: { test: 'mocha --reporter dot --slow 200ms --bail' },
84 silly install resolved     dependencies:
84 silly install resolved      { 'engine.io': '1.5.1',
84 silly install resolved        'socket.io-parser': '2.2.4',
84 silly install resolved        'socket.io-client': '1.3.5',
84 silly install resolved        'socket.io-adapter': '0.3.1',
84 silly install resolved        'has-binary-data': '0.1.3',
84 silly install resolved        debug: '2.1.0' },
84 silly install resolved     devDependencies:
84 silly install resolved      { mocha: '1.16.2',
84 silly install resolved        'expect.js': '0.3.1',
84 silly install resolved        supertest: '0.8.2',
84 silly install resolved        superagent: '0.17.0',
84 silly install resolved        istanbul: '0.2.3' },
84 silly install resolved     contributors: [ [Object], [Object], [Object], [Object] ],
84 silly install resolved     gitHead: '342faf219793fc5c1f130fc33e3fb5422dab516d',
84 silly install resolved     bugs: { url: 'https://github.com/Automattic/socket.io/issues' },
84 silly install resolved     homepage: 'https://github.com/Automattic/socket.io',
84 silly install resolved     _id: 'socket.io@1.3.5',
84 silly install resolved     _shasum: 'bfd609f37626889e94df9d3526db79a84255f1d8',
84 silly install resolved     _from: 'socket.io@latest',
84 silly install resolved     _npmVersion: '1.4.28',
84 silly install resolved     _npmUser: { name: 'rauchg', email: 'rauchg@gmail.com' },
84 silly install resolved     maintainers: [ [Object] ],
84 silly install resolved     dist:
84 silly install resolved      { shasum: 'bfd609f37626889e94df9d3526db79a84255f1d8',
84 silly install resolved        tarball: 'http://registry.npmjs.org/socket.io/-/socket.io-1.3.5.tgz' },
84 silly install resolved     directories: {},
84 silly install resolved     _resolved: 'https://registry.npmjs.org/socket.io/-/socket.io-1.3.5.tgz' },
84 silly install resolved   { name: 'express',
84 silly install resolved     description: 'Sinatra inspired web development framework',
84 silly install resolved     version: '3.4.8',
84 silly install resolved     author: { name: 'TJ Holowaychuk', email: 'tj@vision-media.ca' },
84 silly install resolved     contributors: [ [Object], [Object], [Object], [Object] ],
84 silly install resolved     dependencies:
84 silly install resolved      { connect: '2.12.0',
84 silly install resolved        commander: '1.3.2',
84 silly install resolved        'range-parser': '0.0.4',
84 silly install resolved        mkdirp: '0.3.5',
84 silly install resolved        cookie: '0.1.0',
84 silly install resolved        'buffer-crc32': '0.2.1',
84 silly install resolved        fresh: '0.2.0',
84 silly install resolved        methods: '0.1.0',
84 silly install resolved        send: '0.1.4',
84 silly install resolved        'cookie-signature': '1.0.1',
84 silly install resolved        'merge-descriptors': '0.0.1',
84 silly install resolved        debug: '>= 0.7.3 < 1' },
84 silly install resolved     devDependencies:
84 silly install resolved      { ejs: '~0.8.4',
84 silly install resolved        mocha: '~1.15.1',
84 silly install resolved        jade: '~0.30.0',
84 silly install resolved        hjs: '~0.0.6',
84 silly install resolved        stylus: '~0.40.0',
84 silly install resolved        should: '~2.1.1',
84 silly install resolved        'connect-redis': '~1.4.5',
84 silly install resolved        marked: '0.2.10',
84 silly install resolved        supertest: '~0.8.1' },
84 silly install resolved     keywords:
84 silly install resolved      [ 'express',
84 silly install resolved        'framework',
84 silly install resolved        'sinatra',
84 silly install resolved        'web',
84 silly install resolved        'rest',
84 silly install resolved        'restful',
84 silly install resolved        'router',
84 silly install resolved        'app',
84 silly install resolved        'api' ],
84 silly install resolved     repository: { type: 'git', url: 'git://github.com/visionmedia/express' },
84 silly install resolved     main: 'index',
84 silly install resolved     bin: { express: './bin/express' },
84 silly install resolved     scripts: { prepublish: 'npm prune', test: 'make test' },
84 silly install resolved     engines: { node: '>= 0.8.0' },
84 silly install resolved     license: 'MIT',
84 silly install resolved     bugs: { url: 'https://github.com/visionmedia/express/issues' },
84 silly install resolved     homepage: 'https://github.com/visionmedia/express',
84 silly install resolved     _id: 'express@3.4.8',
84 silly install resolved     dist:
84 silly install resolved      { shasum: 'aa7a8986de07053337f4bc5ed9a6453d9cc8e2e1',
84 silly install resolved        tarball: 'http://registry.npmjs.org/express/-/express-3.4.8.tgz' },
84 silly install resolved     _from: 'express@3.4.8',
84 silly install resolved     _npmVersion: '1.3.21',
84 silly install resolved     _npmUser: { name: 'jongleberry', email: 'jonathanrichardong@gmail.com' },
84 silly install resolved     maintainers: [ [Object] ],
84 silly install resolved     directories: {},
84 silly install resolved     _shasum: 'aa7a8986de07053337f4bc5ed9a6453d9cc8e2e1',
84 silly install resolved     _resolved: 'https://registry.npmjs.org/express/-/express-3.4.8.tgz' } ]
85 info install socket.io@1.3.5 into /Users/ty.husband/wstlcode/app
86 info install express@3.4.8 into /Users/ty.husband/wstlcode/app
87 info installOne socket.io@1.3.5
88 verbose installOne of socket.io to /Users/ty.husband/wstlcode/app not in flight; installing
89 info installOne express@3.4.8
90 verbose installOne of express to /Users/ty.husband/wstlcode/app not in flight; installing
91 warn locking Error: EACCES, open '/Users/ty.husband/.npm/_locks/socket-io-250698d90dcee6df.lock'
91 warn locking     at Error (native)
91 warn locking  /Users/ty.husband/.npm/_locks/socket-io-250698d90dcee6df.lock failed { [Error: EACCES, open '/Users/ty.husband/.npm/_locks/socket-io-250698d90dcee6df.lock']
91 warn locking   errno: -13,
91 warn locking   code: 'EACCES',
91 warn locking   path: '/Users/ty.husband/.npm/_locks/socket-io-250698d90dcee6df.lock' }
92 verbose stack Error: Attempt to unlock /Users/ty.husband/wstlcode/app/node_modules/socket.io, which hasn't been locked
92 verbose stack     at unlock (/usr/local/lib/node_modules/npm/lib/utils/locker.js:66:11)
92 verbose stack     at cb (/usr/local/lib/node_modules/npm/lib/install.js:929:5)
92 verbose stack     at /usr/local/lib/node_modules/npm/lib/install.js:933:20
92 verbose stack     at /usr/local/lib/node_modules/npm/lib/utils/locker.js:40:9
92 verbose stack     at cb (/usr/local/lib/node_modules/npm/node_modules/lockfile/lockfile.js:149:38)
92 verbose stack     at /usr/local/lib/node_modules/npm/node_modules/lockfile/lockfile.js:177:38
92 verbose stack     at FSReqWrap.oncomplete (fs.js:99:15)
93 verbose cwd /Users/ty.husband/wstlcode/app
94 error Darwin 13.3.0
95 error argv "node" "/usr/local/bin/npm" "install"
96 error node v0.12.1
97 error npm  v2.5.1
98 error Attempt to unlock /Users/ty.husband/wstlcode/app/node_modules/socket.io, which hasn't been locked
99 error If you need help, you may report this error at:
99 error     <http://github.com/npm/npm/issues>
100 verbose exit [ 1, true ]
